[0323/004126:ERROR:process_info.cc(608)] range at 0xfffde000, size 0x230 fully unreadable
[0323/004126:ERROR:process_info.cc(608)] range at 0xfffde000, size 0x230 fully unreadable
[0323/004126:ERROR:process_reader_win.cc(113)] NtOpenThread: {Access Denied} A process has requested access to an object, but has not been granted those access rights.  (0xc0000022)
[0323/004126:ERROR:process_reader_win.cc(113)] NtOpenThread: {Access Denied} A process has requested access to an object, but has not been granted those access rights.  (0xc0000022)
[0323/004126:ERROR:exception_snapshot_win.cc(56)] thread ID 4032 not found in process
[0323/004126:ERROR:exception_snapshot_win.cc(56)] thread ID 2480 not found in process
[0323/004126:WARNING:crash_report_exception_handler.cc(60)] ProcessSnapshotWin::InitializeException failed
[0323/004126:WARNING:crash_report_exception_handler.cc(60)] ProcessSnapshotWin::InitializeException failed
[0323/105829:ERROR:process_info.cc(608)] range at 0xfffde000, size 0x230 fully unreadable
[0323/105829:ERROR:process_info.cc(608)] range at 0xfffde000, size 0x230 fully unreadable
[0323/105829:ERROR:process_info.cc(608)] range at 0xfffde000, size 0x230 fully unreadable
[0323/105830:ERROR:process_reader_win.cc(113)] NtOpenThread: {Access Denied} A process has requested access to an object, but has not been granted those access rights.  (0xc0000022)
[0323/105830:ERROR:process_reader_win.cc(113)] NtOpenThread: {Access Denied} A process has requested access to an object, but has not been granted those access rights.  (0xc0000022)
[0323/105830:ERROR:process_reader_win.cc(113)] NtOpenThread: {Access Denied} A process has requested access to an object, but has not been granted those access rights.  (0xc0000022)
[0323/105830:ERROR:exception_snapshot_win.cc(56)] thread ID 1512 not found in process
[0323/105830:ERROR:exception_snapshot_win.cc(56)] thread ID 5724 not found in process
[0323/105830:ERROR:exception_snapshot_win.cc(56)] thread ID 4016 not found in process
[0323/105830:WARNING:crash_report_exception_handler.cc(60)] ProcessSnapshotWin::InitializeException failed
[0323/105830:WARNING:crash_report_exception_handler.cc(60)] ProcessSnapshotWin::InitializeException failed
[0323/105830:WARNING:crash_report_exception_handler.cc(60)] ProcessSnapshotWin::InitializeException failed
[0323/110445:ERROR:process_info.cc(608)] range at 0xfffde000, size 0x230 fully unreadable
[0323/110445:ERROR:process_info.cc(608)] range at 0xfffde000, size 0x230 fully unreadable
[0323/110445:ERROR:process_reader_win.cc(113)] NtOpenThread: {Access Denied} A process has requested access to an object, but has not been granted those access rights.  (0xc0000022)
[0323/110445:ERROR:exception_snapshot_win.cc(56)] thread ID 1308 not found in process
[0323/110445:WARNING:crash_report_exception_handler.cc(60)] ProcessSnapshotWin::InitializeException failed
[0323/110445:ERROR:process_reader_win.cc(113)] NtOpenThread: {Access Denied} A process has requested access to an object, but has not been granted those access rights.  (0xc0000022)
[0323/110445:ERROR:exception_snapshot_win.cc(56)] thread ID 2216 not found in process
[0323/110445:WARNING:crash_report_exception_handler.cc(60)] ProcessSnapshotWin::InitializeException failed
[0323/112446:ERROR:process_info.cc(608)] range at 0xfffde000, size 0x230 fully unreadable
[0323/112446:ERROR:process_info.cc(608)] range at 0xfffde000, size 0x230 fully unreadable
[0323/112446:ERROR:process_info.cc(608)] range at 0xfffde000, size 0x230 fully unreadable
[0323/112446:ERROR:process_reader_win.cc(113)] NtOpenThread: {Access Denied} A process has requested access to an object, but has not been granted those access rights.  (0xc0000022)
[0323/112446:ERROR:exception_snapshot_win.cc(56)] thread ID 3740 not found in process
[0323/112446:WARNING:crash_report_exception_handler.cc(60)] ProcessSnapshotWin::InitializeException failed
[0323/112446:ERROR:process_reader_win.cc(113)] NtOpenThread: {Access Denied} A process has requested access to an object, but has not been granted those access rights.  (0xc0000022)
[0323/112446:ERROR:exception_snapshot_win.cc(56)] thread ID 1940 not found in process
[0323/112446:WARNING:crash_report_exception_handler.cc(60)] ProcessSnapshotWin::InitializeException failed
[0323/112446:ERROR:process_reader_win.cc(113)] NtOpenThread: {Access Denied} A process has requested access to an object, but has not been granted those access rights.  (0xc0000022)
[0323/112446:ERROR:exception_snapshot_win.cc(56)] thread ID 5404 not found in process
[0323/112446:WARNING:crash_report_exception_handler.cc(60)] ProcessSnapshotWin::InitializeException failed
[0323/113420:ERROR:process_info.cc(608)] range at 0xfffde000, size 0x230 fully unreadable
[0323/113420:ERROR:process_reader_win.cc(113)] NtOpenThread: {Access Denied} A process has requested access to an object, but has not been granted those access rights.  (0xc0000022)
[0323/113420:ERROR:exception_snapshot_win.cc(56)] thread ID 7104 not found in process
[0323/113420:WARNING:crash_report_exception_handler.cc(60)] ProcessSnapshotWin::InitializeException failed
[0323/124947:ERROR:process_info.cc(608)] range at 0xfffde000, size 0x230 fully unreadable
[0323/124947:ERROR:process_reader_win.cc(113)] NtOpenThread: {Access Denied} A process has requested access to an object, but has not been granted those access rights.  (0xc0000022)
[0323/124947:ERROR:exception_snapshot_win.cc(56)] thread ID 6724 not found in process
[0323/124947:WARNING:crash_report_exception_handler.cc(60)] ProcessSnapshotWin::InitializeException failed
[0323/124947:ERROR:process_info.cc(608)] range at 0xfffde000, size 0x230 fully unreadable
[0323/124947:ERROR:process_reader_win.cc(113)] NtOpenThread: {Access Denied} A process has requested access to an object, but has not been granted those access rights.  (0xc0000022)
[0323/124947:ERROR:exception_snapshot_win.cc(56)] thread ID 3632 not found in process
[0323/124947:WARNING:crash_report_exception_handler.cc(60)] ProcessSnapshotWin::InitializeException failed
[0323/133528:ERROR:process_info.cc(608)] range at 0xfffde000, size 0x230 fully unreadable
[0323/133528:ERROR:process_info.cc(608)] range at 0xfffde000, size 0x230 fully unreadable
[0323/133528:ERROR:process_reader_win.cc(113)] NtOpenThread: {Access Denied} A process has requested access to an object, but has not been granted those access rights.  (0xc0000022)
[0323/133528:ERROR:exception_snapshot_win.cc(56)] thread ID 5288 not found in process
[0323/133528:WARNING:crash_report_exception_handler.cc(60)] ProcessSnapshotWin::InitializeException failed
[0323/133528:ERROR:process_info.cc(608)] range at 0xfffde000, size 0x230 fully unreadable
[0323/133528:ERROR:process_reader_win.cc(113)] NtOpenThread: {Access Denied} A process has requested access to an object, but has not been granted those access rights.  (0xc0000022)
[0323/133528:ERROR:exception_snapshot_win.cc(56)] thread ID 2912 not found in process
[0323/133528:WARNING:crash_report_exception_handler.cc(60)] ProcessSnapshotWin::InitializeException failed
[0323/133528:ERROR:process_reader_win.cc(113)] NtOpenThread: {Access Denied} A process has requested access to an object, but has not been granted those access rights.  (0xc0000022)
[0323/133528:ERROR:exception_snapshot_win.cc(56)] thread ID 1628 not found in process
[0323/133528:WARNING:crash_report_exception_handler.cc(60)] ProcessSnapshotWin::InitializeException failed
[0323/151800:ERROR:process_info.cc(608)] range at 0xfffde000, size 0x230 fully unreadable
[0323/151800:ERROR:process_reader_win.cc(113)] NtOpenThread: {Access Denied} A process has requested access to an object, but has not been granted those access rights.  (0xc0000022)
[0323/151800:ERROR:exception_snapshot_win.cc(56)] thread ID 5168 not found in process
[0323/151800:WARNING:crash_report_exception_handler.cc(60)] ProcessSnapshotWin::InitializeException failed
[0323/154204:ERROR:process_info.cc(608)] range at 0xfffde000, size 0x230 fully unreadable
[0323/154204:ERROR:process_reader_win.cc(113)] NtOpenThread: {Access Denied} A process has requested access to an object, but has not been granted those access rights.  (0xc0000022)
[0323/154204:ERROR:exception_snapshot_win.cc(56)] thread ID 2420 not found in process
[0323/154204:WARNING:crash_report_exception_handler.cc(60)] ProcessSnapshotWin::InitializeException failed
[0323/154205:ERROR:process_info.cc(608)] range at 0xfffde000, size 0x230 fully unreadable
[0323/154205:ERROR:process_reader_win.cc(113)] NtOpenThread: {Access Denied} A process has requested access to an object, but has not been granted those access rights.  (0xc0000022)
[0323/154205:ERROR:exception_snapshot_win.cc(56)] thread ID 6672 not found in process
[0323/154205:WARNING:crash_report_exception_handler.cc(60)] ProcessSnapshotWin::InitializeException failed
[0323/154207:ERROR:process_info.cc(608)] range at 0xfffde000, size 0x230 fully unreadable
[0323/154207:ERROR:process_reader_win.cc(113)] NtOpenThread: {Access Denied} A process has requested access to an object, but has not been granted those access rights.  (0xc0000022)
[0323/154207:ERROR:exception_snapshot_win.cc(56)] thread ID 5104 not found in process
[0323/154207:WARNING:crash_report_exception_handler.cc(60)] ProcessSnapshotWin::InitializeException failed
[0323/154655:ERROR:process_info.cc(608)] range at 0xfffde000, size 0x230 fully unreadable
[0323/154655:ERROR:process_info.cc(608)] range at 0xfffde000, size 0x230 fully unreadable
[0323/154655:ERROR:process_reader_win.cc(113)] NtOpenThread: {Access Denied} A process has requested access to an object, but has not been granted those access rights.  (0xc0000022)
[0323/154655:ERROR:exception_snapshot_win.cc(56)] thread ID 4944 not found in process
[0323/154655:WARNING:crash_report_exception_handler.cc(60)] ProcessSnapshotWin::InitializeException failed
[0323/154655:ERROR:process_reader_win.cc(113)] NtOpenThread: {Access Denied} A process has requested access to an object, but has not been granted those access rights.  (0xc0000022)
[0323/154655:ERROR:exception_snapshot_win.cc(56)] thread ID 7672 not found in process
[0323/154655:WARNING:crash_report_exception_handler.cc(60)] ProcessSnapshotWin::InitializeException failed
[0323/160042:ERROR:process_info.cc(608)] range at 0xfffde000, size 0x230 fully unreadable
[0323/160042:ERROR:process_info.cc(608)] range at 0xfffde000, size 0x230 fully unreadable
[0323/160042:ERROR:process_reader_win.cc(113)] NtOpenThread: {Access Denied} A process has requested access to an object, but has not been granted those access rights.  (0xc0000022)
[0323/160042:ERROR:exception_snapshot_win.cc(56)] thread ID 7272 not found in process
[0323/160042:WARNING:crash_report_exception_handler.cc(60)] ProcessSnapshotWin::InitializeException failed
[0323/160042:ERROR:process_reader_win.cc(113)] NtOpenThread: {Access Denied} A process has requested access to an object, but has not been granted those access rights.  (0xc0000022)
[0323/160042:ERROR:exception_snapshot_win.cc(56)] thread ID 4828 not found in process
[0323/160042:WARNING:crash_report_exception_handler.cc(60)] ProcessSnapshotWin::InitializeException failed
[0323/161318:ERROR:process_info.cc(608)] range at 0xfffde000, size 0x230 fully unreadable
[0323/161318:ERROR:process_reader_win.cc(113)] NtOpenThread: {Access Denied} A process has requested access to an object, but has not been granted those access rights.  (0xc0000022)
[0323/161318:ERROR:exception_snapshot_win.cc(56)] thread ID 3168 not found in process
[0323/161318:WARNING:crash_report_exception_handler.cc(60)] ProcessSnapshotWin::InitializeException failed
[0323/165250:ERROR:process_info.cc(608)] range at 0xfffde000, size 0x230 fully unreadable
[0323/165250:ERROR:process_reader_win.cc(113)] NtOpenThread: {Access Denied} A process has requested access to an object, but has not been granted those access rights.  (0xc0000022)
[0323/165250:ERROR:exception_snapshot_win.cc(56)] thread ID 2520 not found in process
[0323/165250:WARNING:crash_report_exception_handler.cc(60)] ProcessSnapshotWin::InitializeException failed
[0323/173745:ERROR:process_info.cc(608)] range at 0xfffde000, size 0x230 fully unreadable
[0323/173745:ERROR:process_reader_win.cc(113)] NtOpenThread: {Access Denied} A process has requested access to an object, but has not been granted those access rights.  (0xc0000022)
[0323/173745:ERROR:exception_snapshot_win.cc(56)] thread ID 3240 not found in process
[0323/173745:WARNING:crash_report_exception_handler.cc(60)] ProcessSnapshotWin::InitializeException failed
[0323/182831:ERROR:process_info.cc(608)] range at 0xfffde000, size 0x230 fully unreadable
[0323/182831:ERROR:process_info.cc(608)] range at 0xfffde000, size 0x230 fully unreadable
[0323/182831:ERROR:process_reader_win.cc(113)] NtOpenThread: {Access Denied} A process has requested access to an object, but has not been granted those access rights.  (0xc0000022)
[0323/182831:ERROR:exception_snapshot_win.cc(56)] thread ID 4664 not found in process
[0323/182831:WARNING:crash_report_exception_handler.cc(60)] ProcessSnapshotWin::InitializeException failed
[0323/182831:ERROR:process_reader_win.cc(113)] NtOpenThread: {Access Denied} A process has requested access to an object, but has not been granted those access rights.  (0xc0000022)
[0323/182831:ERROR:exception_snapshot_win.cc(56)] thread ID 6972 not found in process
[0323/182831:WARNING:crash_report_exception_handler.cc(60)] ProcessSnapshotWin::InitializeException failed
[0324/015108:ERROR:process_info.cc(608)] range at 0xfffde000, size 0x230 fully unreadable
[0324/015108:ERROR:process_reader_win.cc(113)] NtOpenThread: {Access Denied} A process has requested access to an object, but has not been granted those access rights.  (0xc0000022)
[0324/015108:ERROR:exception_snapshot_win.cc(56)] thread ID 3468 not found in process
[0324/015108:WARNING:crash_report_exception_handler.cc(60)] ProcessSnapshotWin::InitializeException failed
[0324/110706:ERROR:process_info.cc(608)] range at 0xfffde000, size 0x230 fully unreadable
[0324/110706:ERROR:process_reader_win.cc(113)] NtOpenThread: {Access Denied} A process has requested access to an object, but has not been granted those access rights.  (0xc0000022)
[0324/110706:ERROR:process_info.cc(608)] range at 0xfffde000, size 0x230 fully unreadable
[0324/110706:ERROR:exception_snapshot_win.cc(56)] thread ID 8892 not found in process
[0324/110706:WARNING:crash_report_exception_handler.cc(60)] ProcessSnapshotWin::InitializeException failed
[0324/110706:ERROR:process_info.cc(608)] range at 0xfffde000, size 0x230 fully unreadable
[0324/110706:ERROR:process_reader_win.cc(113)] NtOpenThread: {Access Denied} A process has requested access to an object, but has not been granted those access rights.  (0xc0000022)
[0324/110706:ERROR:exception_snapshot_win.cc(56)] thread ID 9796 not found in process
[0324/110706:WARNING:crash_report_exception_handler.cc(60)] ProcessSnapshotWin::InitializeException failed
[0324/110706:ERROR:process_reader_win.cc(113)] NtOpenThread: {Access Denied} A process has requested access to an object, but has not been granted those access rights.  (0xc0000022)
[0324/110706:ERROR:exception_snapshot_win.cc(56)] thread ID 2372 not found in process
[0324/110706:WARNING:crash_report_exception_handler.cc(60)] ProcessSnapshotWin::InitializeException failed
[0324/131716:ERROR:process_info.cc(608)] range at 0xfffde000, size 0x230 fully unreadable
[0324/131716:ERROR:process_info.cc(608)] range at 0xfffde000, size 0x230 fully unreadable
[0324/131716:ERROR:process_reader_win.cc(113)] NtOpenThread: {Access Denied} A process has requested access to an object, but has not been granted those access rights.  (0xc0000022)
[0324/131716:ERROR:exception_snapshot_win.cc(56)] thread ID 9644 not found in process
[0324/131716:WARNING:crash_report_exception_handler.cc(60)] ProcessSnapshotWin::InitializeException failed
[0324/131716:ERROR:process_reader_win.cc(141)] SuspendThread: Access is denied. (0x5)
[0324/131716:ERROR:process_reader_win.cc(113)] NtOpenThread: {Access Denied} A process has requested access to an object, but has not been granted those access rights.  (0xc0000022)
[0324/131716:ERROR:exception_snapshot_win.cc(56)] thread ID 9332 not found in process
[0324/131716:WARNING:crash_report_exception_handler.cc(60)] ProcessSnapshotWin::InitializeException failed
[0324/132123:ERROR:process_info.cc(608)] range at 0xfffde000, size 0x230 fully unreadable
[0324/132123:ERROR:process_reader_win.cc(113)] NtOpenThread: {Access Denied} A process has requested access to an object, but has not been granted those access rights.  (0xc0000022)
[0324/132123:ERROR:exception_snapshot_win.cc(56)] thread ID 10128 not found in process
[0324/132123:WARNING:crash_report_exception_handler.cc(60)] ProcessSnapshotWin::InitializeException failed
[0324/132358:ERROR:process_info.cc(608)] range at 0xfffde000, size 0x230 fully unreadable
[0324/132358:ERROR:process_reader_win.cc(113)] NtOpenThread: {Access Denied} A process has requested access to an object, but has not been granted those access rights.  (0xc0000022)
[0324/132358:ERROR:exception_snapshot_win.cc(56)] thread ID 2472 not found in process
[0324/132358:WARNING:crash_report_exception_handler.cc(60)] ProcessSnapshotWin::InitializeException failed
[0324/205325:ERROR:process_info.cc(608)] range at 0xfffde000, size 0x230 fully unreadable
[0324/205325:ERROR:process_info.cc(608)] range at 0xfffde000, size 0x230 fully unreadable
[0324/205325:ERROR:process_reader_win.cc(113)] NtOpenThread: {Access Denied} A process has requested access to an object, but has not been granted those access rights.  (0xc0000022)
[0324/205325:ERROR:exception_snapshot_win.cc(56)] thread ID 7384 not found in process
[0324/205325:WARNING:crash_report_exception_handler.cc(60)] ProcessSnapshotWin::InitializeException failed
[0324/205325:ERROR:process_reader_win.cc(113)] NtOpenThread: {Access Denied} A process has requested access to an object, but has not been granted those access rights.  (0xc0000022)
[0324/205325:ERROR:exception_snapshot_win.cc(56)] thread ID 4164 not found in process
[0324/205325:WARNING:crash_report_exception_handler.cc(60)] ProcessSnapshotWin::InitializeException failed
